<?xml version="1.0" encoding="UTF-8"?>
<!-- Generated by org.testng.reporters.JUnitXMLReporter -->
<testsuite ignored="5" hostname="DESKTOP-9BB5NPN" failures="0" tests="1" name="Test" time="14.266" errors="0" timestamp="2023-01-12T12:23:47 IST">
  <testcase classname="project_life_insurance.AddPaymentUsingAnnotationTest" name="addPayment" time="3.857"/>
  <testcase classname="project_life_insurance.AddPaymentUsingAnnotationTest" name="simple" time="0.0">
    <ignored/>
  </testcase> <!-- simple -->
  <testcase classname="project_life_insurance.AddPaymentUsingAnnotationTest" name="simple5" time="0.0">
    <ignored/>
  </testcase> <!-- simple5 -->
  <testcase classname="project_life_insurance.AddPaymentUsingAnnotationTest" name="simple2" time="0.0">
    <ignored/>
  </testcase> <!-- simple2 -->
  <testcase classname="project_life_insurance.AddPaymentUsingAnnotationTest" name="simple4" time="0.0">
    <ignored/>
  </testcase> <!-- simple4 -->
  <testcase classname="project_life_insurance.AddPaymentUsingAnnotationTest" name="simple3" time="0.0">
    <ignored/>
  </testcase> <!-- simple3 -->
</testsuite> <!-- Test -->
