<?xml version="1.0" encoding="UTF-8"?>
<!-- Generated by org.testng.reporters.JUnitXMLReporter -->
<testsuite ignored="0" hostname="DESKTOP-9BB5NPN" failures="0" tests="4" name="chrome-2" time="0.097" errors="0" timestamp="2023-01-10T14:42:50 IST">
  <testcase classname="practice_package.SampleTestNGTest_3" name="sample5" time="0.013"/>
  <testcase classname="practice_package.SampleTestNGTest_3" name="sample6" time="0.002"/>
  <testcase classname="practice_package.SampleTestNGTest_4" name="sample7" time="0.004"/>
  <testcase classname="practice_package.SampleTestNGTest_4" name="sample8" time="0.011"/>
</testsuite> <!-- chrome-2 -->
