<?xml version="1.0" encoding="UTF-8"?>
<!-- Generated by org.testng.reporters.JUnitXMLReporter -->
<testsuite ignored="0" hostname="DESKTOP-9BB5NPN" failures="0" tests="4" name="chrome-1" time="0.097" errors="0" timestamp="2023-01-10T14:42:50 IST">
  <testcase classname="practice_package.SampleTestNGTest_1" name="sample1" time="0.013"/>
  <testcase classname="practice_package.SampleTestNGTest_1" name="sample2" time="0.003"/>
  <testcase classname="practice_package.SampleTestNGTest_2" name="sample3" time="0.002"/>
  <testcase classname="practice_package.SampleTestNGTest_2" name="sample4" time="0.01"/>
</testsuite> <!-- chrome-1 -->
